[nghienhoc.xyz/index.html]
[backblue.gif]
[fade.gif]
[index.html]
[nghienhoc.xyz/css/styles.css]
[nghienhoc.xyz/css/flatsome.css]
[nghienhoc.xyz/css/index.css]
[nghienhoc.xyz/index.html]
[nghienhoc.xyz/images/ajax-loader.gif]
[nghienhoc.xyz/css/styles.css]
[nghienhoc.xyz/img/shadow@2x.png]
[nghienhoc.xyz/img/underline.png]
[nghienhoc.xyz/css/flatsome.css]
[nghienhoc.xyz/wp-content/uploads/2018/04/chu-chu.png]
[nghienhoc.xyz/css/jquery.js]
[nghienhoc.xyz/css/index.css]
[nghienhoc.xyz/images/ajax-loader.html]
[nghienhoc.xyz/img/shadow@2x.html]
[nghienhoc.xyz/img/underline.html]
[nghienhoc.xyz/wp-content/uploads/2018/04/chu-chu.html]
